{
  "Azure.Core.dll": 1,
  "Azure.Identity.dll": 1,
  "BouncyCastle.Cryptography.dll": 1,
  "EFCore.NamingConventions.dll": 1,
  "Google.Protobuf.dll": 1,
  "HtmlAgilityPack.dll": 1,
  "K4os.Compression.LZ4.dll": 1,
  "K4os.Compression.LZ4.Streams.dll": 1,
  "K4os.Hash.xxHash.dll": 1,
  "MailKit.dll": 1,
  "Microsoft.AspNetCore.Authentication.OpenIdConnect.dll": 1,
  "Microsoft.AspNetCore.Components.WebAssembly.Authentication.dll": 1,
  "Microsoft.AspNetCore.Components.WebAssembly.dll": 1,
  "Microsoft.AspNetCore.Components.WebAssembly.Server.dll": 1,
  "Microsoft.AspNetCore.Identity.EntityFrameworkCore.dll": 1,
  "Microsoft.Bcl.AsyncInterfaces.dll": 1,
  "Microsoft.Bcl.Cryptography.dll": 1,
  "Microsoft.Data.SqlClient.dll": 1,
  "Microsoft.Data.Sqlite.dll": 1,
  "Microsoft.DotNet.HotReload.WebAssembly.Browser.dll": 1,
  "Microsoft.EntityFrameworkCore.Abstractions.dll": 1,
  "Microsoft.EntityFrameworkCore.dll": 1,
  "Microsoft.EntityFrameworkCore.Relational.dll": 1,
  "Microsoft.EntityFrameworkCore.Sqlite.dll": 1,
  "Microsoft.EntityFrameworkCore.SqlServer.dll": 1,
  "Microsoft.Extensions.DependencyModel.dll": 1,
  "Microsoft.Identity.Client.dll": 1,
  "Microsoft.Identity.Client.Extensions.Msal.dll": 1,
  "Microsoft.IdentityModel.Abstractions.dll": 1,
  "Microsoft.IdentityModel.JsonWebTokens.dll": 1,
  "Microsoft.IdentityModel.Logging.dll": 1,
  "Microsoft.IdentityModel.Protocols.dll": 1,
  "Microsoft.IdentityModel.Protocols.OpenIdConnect.dll": 1,
  "Microsoft.IdentityModel.Tokens.dll": 1,
  "Microsoft.JSInterop.WebAssembly.dll": 1,
  "Microsoft.OpenApi.dll": 1,
  "Microsoft.SqlServer.Server.dll": 1,
  "MimeKit.dll": 1,
  "MySql.Data.dll": 1,
  "MySql.EntityFrameworkCore.dll": 1,
  "NodaTime.dll": 1,
  "Npgsql.dll": 1,
  "Npgsql.EntityFrameworkCore.PostgreSQL.dll": 1,
  "Oqtane.Client.dll": 1,
  "Oqtane.Server.dll": 1,
  "Oqtane.Shared.dll": 1,
  "Radzen.Blazor.dll": 1,
  "SixLabors.ImageSharp.dll": 1,
  "SQLitePCLRaw.batteries_v2.dll": 1,
  "SQLitePCLRaw.core.dll": 1,
  "SQLitePCLRaw.provider.e_sqlite3.dll": 1,
  "SubTube.Client.Oqtane.dll": 1,
  "SubTube.Server.Oqtane.dll": 1,
  "SubTube.Shared.Oqtane.dll": 1,
  "Swashbuckle.AspNetCore.Swagger.dll": 1,
  "Swashbuckle.AspNetCore.SwaggerGen.dll": 1,
  "Swashbuckle.AspNetCore.SwaggerUI.dll": 1,
  "System.ClientModel.dll": 1,
  "System.Configuration.ConfigurationManager.dll": 1,
  "System.IdentityModel.Tokens.Jwt.dll": 1,
  "System.Memory.Data.dll": 1,
  "System.Security.Cryptography.ProtectedData.dll": 1,
  "System.Security.Permissions.dll": 1,
  "System.Windows.Extensions.dll": 1,
  "ZstdSharp.dll": 1
}